[21:22:00][PluginLoader][WARNING] Plugins directory not found.
[21:22:00][NATTCore][INFO] NATT CORE initialization done
Version: 1.7.0 
Configuration path: https://gitlab.com/ap5vs/test-config/im-server-config/-/raw/main/test-config-4.yaml?ref_type=heads
Configuration loading mode: FROM URL
[21:22:00][NATTCore][INFO] Working directory path: C:\Users\ash31\OneDrive\Dokumenty\GitHub\im-server-main
[21:22:00][NATTCore][INFO] Start loading of the configuration file ...
[21:22:00][NetworkIO][INFO] Yaml data has been loaded from network location (https://gitlab.com/ap5vs/test-config/im-server-config/-/raw/main/test-config-4.yaml?ref_type=heads)
[21:22:00][NATTCore][INFO] Configuration loading done
[21:22:00][NATTCore][INFO] Start building test structure according to the configuration ...
[21:22:00][NATTCore][INFO] Test structure ...
[21:22:00][NATTCore][INFO] Test structure building done
[21:22:00][NATTCore][INFO] Start test executing ...
[21:22:01][TestReportGenerator][INFO] Extenet reports generated. Final report will be saved to file: test_report.html
[21:22:01][NATTCore][INFO] Starts execution on the root keyword  ...
[21:22:01][MessageBuffer][INFO] Message buffer created for module with name: default
[21:22:01][ExternalProgramRunner][INFO] (default) Run external app with command: java -jar app/build/libs/app.jar 9999 10
[21:22:01][ProcessManager][INFO] New PID (21708) added to file
[21:22:01][WaitKw][INFO] Waiting: 3000 ms
[21:22:01][MessageBuffer][INFO] Message added to buffer [ Mod: default | Tag:  ] Content: 'IM server listening on port 9999, maximum nr. of connections=10...'
[21:22:04][MessageBuffer][INFO] Message buffer created for module with name: client-1
[21:22:04][TelnetClient][INFO] (client-1) Telnet client connected to host with the address: 'localhost' on port '9999'
[21:22:04][MessageBuffer][INFO] Message buffer created for module with name: client-2
[21:22:04][TelnetClient][INFO] (client-2) Telnet client connected to host with the address: 'localhost' on port '9999'
[21:22:04][MessageBuffer][INFO] Message buffer created for module with name: client-3
[21:22:04][TelnetClient][INFO] (client-3) Telnet client connected to host with the address: 'localhost' on port '9999'
[21:22:04][WaitKw][INFO] Waiting: 2000 ms
[21:22:06][TelnetClient][INFO] (client-1) Message send: Klient1
[21:22:06][TelnetClient][INFO] (client-2) Message send: Klient2
[21:22:06][TelnetClient][INFO] (client-3) Message send: Klient3
[21:22:06][WaitKw][INFO] Waiting: 800 ms
[21:22:06][TestSuiteKw][INFO] Test case 'Zaklaní test komunikace 1' starts executing now
[21:22:06][TelnetClient][INFO] (client-1) Message send: Hello, world!
[21:22:06][WaitKw][INFO] Waiting: 1000 ms
[21:22:07][AssertEqualsKw][WARNING] Assertion failed. Variable 'client-2-last-msg' not found!
[21:22:07][AssertEqualsKw][WARNING] Assertion failed. Variable 'client-3-last-msg' not found!
[21:22:07][TestSuiteKw][ERROR] Test suite 'Testování běžné komunikace' - Test case 'Zaklaní test komunikace 1' failed
[21:22:08][MessageBuffer][INFO] Message buffer cleared
[21:22:08][TestSuiteKw][INFO] Test case 'Zaklaní test komunikace 2' starts executing now
[21:22:08][TelnetClient][INFO] (client-1) Message send: Testing 123
[21:22:08][TelnetClient][INFO] (client-2) Message send: 12345 - 67890
[21:22:08][TelnetClient][INFO] (client-3) Message send: This is a test message
[21:22:08][WaitKw][INFO] Waiting: 1000 ms
[21:22:09][NATTContext][INFO] Data has been stored in to the variable 'var-1'. Data value: 
[21:22:09][AssertEqualsKw][WARNING] Assertion failed. True was expected as the result. Condition: (Value of variable '' must equals expected text '[Klient2] >> 12345 - 67890')
[21:22:09][NATTContext][INFO] Data has been stored in to the variable 'var-1'. Data value: 
[21:22:09][AssertEqualsKw][WARNING] Assertion failed. True was expected as the result. Condition: (Value of variable '' must contains expected text '[Klient3] >> This is a test message')
[21:22:09][NATTContext][INFO] Data has been stored in to the variable 'var-1'. Data value: 
[21:22:09][AssertEqualsKw][WARNING] Assertion failed. True was expected as the result. Condition: (Value of variable '' must contains expected text '[Klient1] >> Testing 123')
[21:22:09][TestSuiteKw][ERROR] Test suite 'Testování běžné komunikace' - Test case 'Zaklaní test komunikace 2' failed
[21:22:09][MessageBuffer][INFO] Message buffer cleared
[21:22:10][TestSuiteKw][INFO] Test case 'Test odeslání soukromé zprávy' starts executing now
[21:22:10][TelnetClient][INFO] (client-2) Message send: #sendPrivate Klient3 This is a private message
[21:22:10][WaitKw][INFO] Waiting: 1000 ms
[21:22:11][NATTContext][INFO] Data has been stored in to the variable 'var-1'. Data value: 
[21:22:11][NATTContext][INFO] Data has been stored in to the variable 'var-2'. Data value: 
[21:22:11][AssertEqualsKw][WARNING] Assertion failed. True was expected as the result. Condition: (Value of variable '' must contains expected text '[Klient2] >> This is a private message')
[21:22:11][TestSuiteKw][ERROR] Test suite 'Testování běžné komunikace' - Test case 'Test odeslání soukromé zprávy' failed
[21:22:11][MessageBuffer][INFO] Message buffer cleared
[21:22:12][MessageBuffer][INFO] Message buffer cleared
[21:22:12][TestSuiteKw][INFO] Test case 'Test vstoupení do diskuzní místnosti' starts executing now
[21:22:12][TelnetClient][INFO] (client-1) Message send: #join MyGroup1
[21:22:12][TelnetClient][INFO] (client-2) Message send: #join MyGroup1
[21:22:12][WaitKw][INFO] Waiting: 1000 ms
[21:22:13][TelnetClient][INFO] (client-1) Message send: #groups
[21:22:13][WaitKw][INFO] Waiting: 1000 ms
[21:22:14][AssertEqualsKw][WARNING] Assertion failed. Variable 'client-1-last-msg' not found!
[21:22:14][TelnetClient][INFO] (client-1) Message send: #leave public
[21:22:14][TelnetClient][INFO] (client-2) Message send: #leave public
[21:22:14][WaitKw][INFO] Waiting: 1000 ms
[21:22:15][TelnetClient][INFO] (client-1) Message send: #groups
[21:22:15][WaitKw][INFO] Waiting: 1000 ms
[21:22:16][AssertEqualsKw][WARNING] Assertion failed. Variable 'client-1-last-msg' not found!
[21:22:16][TestSuiteKw][ERROR] Test suite 'Testování diskuzních místností' - Test case 'Test vstoupení do diskuzní místnosti' failed
[21:22:16][MessageBuffer][INFO] Message buffer cleared
[21:22:16][TestSuiteKw][INFO] Test case 'Test komunikace v diskuzní místnosti' starts executing now
[21:22:16][TelnetClient][INFO] (client-1) Message send: This is private message
[21:22:16][WaitKw][INFO] Waiting: 1000 ms
[21:22:17][AssertEqualsKw][WARNING] Assertion failed. Variable 'client-2-last-msg' not found!
[21:22:17][AssertEqualsKw][WARNING] Assertion failed. Variable 'client-3-last-msg' not found!
[21:22:17][TelnetClient][INFO] (client-3) Message send: #join MyGroup1
[21:22:17][WaitKw][INFO] Waiting: 1000 ms
[21:22:18][TelnetClient][INFO] (client-1) Message send: This is private message
[21:22:18][WaitKw][INFO] Waiting: 1000 ms
[21:22:19][AssertEqualsKw][WARNING] Assertion failed. Variable 'client-3-last-msg' not found!
[21:22:19][TestSuiteKw][ERROR] Test suite 'Testování diskuzních místností' - Test case 'Test komunikace v diskuzní místnosti' failed
[21:22:20][MessageBuffer][INFO] Message buffer cleared
[21:22:20][MessageBuffer][INFO] Message buffer cleared
[21:22:20][TestSuiteKw][INFO] Test case 'Test změny jména' starts executing now
[21:22:20][TelnetClient][INFO] (client-1) Message send: #setMyName NoveJmeno1
[21:22:20][WaitKw][INFO] Waiting: 1000 ms
[21:22:21][TelnetClient][INFO] (client-1) Message send: This is new message
[21:22:21][WaitKw][INFO] Waiting: 1000 ms
[21:22:22][AssertEqualsKw][WARNING] Assertion failed. Variable 'client-2-last-msg' not found!
[21:22:22][TestSuiteKw][ERROR] Test suite 'Testování příkazu pro změnů jména' - Test case 'Test změny jména' failed
[21:22:22][MessageBuffer][INFO] Message buffer cleared
[21:22:23][TestSuiteKw][INFO] Test case 'Test změny na neunikátní jméno' starts executing now
[21:22:23][TelnetClient][INFO] (client-1) Message send: #setMyName Klient2
[21:22:23][WaitKw][INFO] Waiting: 1000 ms
[21:22:24][TelnetClient][INFO] (client-1) Message send: This is new message
[21:22:24][WaitKw][INFO] Waiting: 1000 ms
[21:22:25][AssertEqualsKw][WARNING] Assertion failed. Variable 'client-2-last-msg' not found!
[21:22:25][TestSuiteKw][ERROR] Test suite 'Testování příkazu pro změnů jména' - Test case 'Test změny na neunikátní jméno' failed
[21:22:25][MessageBuffer][INFO] Message buffer cleared
[21:22:26][MessageBuffer][INFO] Message buffer cleared
[21:22:26][MessageBuffer][INFO] Message buffer cleared
[21:22:26][ExternalProgramRunner][INFO] (default) Termiting external application
[21:22:26][TelnetClient][WARNING] (client-3) Connection closed
[21:22:26][TelnetClient][WARNING] (client-2) Connection closed
[21:22:26][TelnetClient][WARNING] (client-1) Connection closed
[21:22:26][ProcessManager][INFO] PID (21708) removed from file
[21:22:26][ProcessManager][INFO] PID (21708) removed from file
[21:22:26][TelnetClient][INFO] (client-1) Telnet client [client-1] terminated
[21:22:26][TelnetClient][INFO] (client-2) Telnet client [client-2] terminated
[21:22:26][TelnetClient][INFO] (client-3) Telnet client [client-3] terminated
[21:22:26][NATTCore][INFO] Test executing finished
[21:22:26][NATTCore][INFO] Start generating test report
[21:22:26][ExternalProgramRunner][WARNING] (default) External application ends with error: 1
[21:22:26][ExternalProgramRunner][WARNING] (default) Error message from external application: Picked up JAVA_TOOL_OPTIONS: -Dstdout.encoding=UTF-8 -Dstderr.encoding=UTF-8
Exception in thread "pool-1-thread-1" java.lang.NullPointerException
	at java.base/java.util.concurrent.ConcurrentHashMap.remove(ConcurrentHashMap.java:1551)
	at utb.fai.ActiveHandlers.remove(ActiveHandlers.java:46)
	at utb.fai.SocketHandler$InputHandler.run(SocketHandler.java:100)
	at java.base/java.util.concurrent.ThreadPoolExecutor.runWorker(ThreadPoolExecutor.java:1144)
	at java.base/java.util.concurrent.ThreadPoolExecutor$Worker.run(ThreadPoolExecutor.java:642)
	at java.base/java.lang.Thread.run(Thread.java:1583)
Exception in thread "pool-1-thread-3" java.lang.NullPointerException
	at java.base/java.util.concurrent.ConcurrentHashMap.remove(ConcurrentHashMap.java:1551)
	at utb.fai.ActiveHandlers.remove(ActiveHandlers.java:46)
	at utb.fai.SocketHandler$InputHandler.run(SocketHandler.java:100)
	at java.base/java.util.concurrent.ThreadPoolExecutor.runWorker(ThreadPoolExecutor.java:1144)
	at java.base/java.util.concurrent.ThreadPoolExecutor$Worker.run(ThreadPoolExecutor.java:642)
	at java.base/java.lang.Thread.run(Thread.java:1583)
Exception in thread "pool-1-thread-5" java.lang.NullPointerException
	at java.base/java.util.concurrent.ConcurrentHashMap.remove(ConcurrentHashMap.java:1551)
	at utb.fai.ActiveHandlers.remove(ActiveHandlers.java:46)
	at utb.fai.SocketHandler$InputHandler.run(SocketHandler.java:100)
	at java.base/java.util.concurrent.ThreadPoolExecutor.runWorker(ThreadPoolExecutor.java:1144)
	at java.base/java.util.concurrent.ThreadPoolExecutor$Worker.run(ThreadPoolExecutor.java:642)
	at java.base/java.lang.Thread.run(Thread.java:1583)

[21:22:26][TestReportGenerator][INFO] Report saved to file
[21:22:26][NATTCore][WARNING] Failed test cases: "Zaklaní test komunikace 1", "Zaklaní test komunikace 2", "Test odeslání soukromé zprávy", "Test vstoupení do diskuzní místnosti", "Test komunikace v diskuzní místnosti", "Test změny jména", "Test změny na neunikátní jméno"
[21:22:26][NATTCore][INFO] Final score: 0,000000
[21:22:26][NATTCore][ERROR] Testing done. Leaving status: FAILED
