[21:43:07][PluginLoader][WARNING] Plugins directory not found.
[21:43:07][NATTCore][INFO] NATT CORE initialization done
Version: 1.7.0 
Configuration path: https://gitlab.com/ap5vs/test-config/im-server-config/-/raw/main/test-config-4.yaml?ref_type=heads
Configuration loading mode: FROM URL
[21:43:07][NATTCore][INFO] Working directory path: C:\Users\ash31\OneDrive\Dokumenty\GitHub\im-server-main
[21:43:07][NATTCore][INFO] Start loading of the configuration file ...
[21:43:07][NetworkIO][INFO] Yaml data has been loaded from network location (https://gitlab.com/ap5vs/test-config/im-server-config/-/raw/main/test-config-4.yaml?ref_type=heads)
[21:43:07][NATTCore][INFO] Configuration loading done
[21:43:07][NATTCore][INFO] Start building test structure according to the configuration ...
[21:43:07][NATTCore][INFO] Test structure ...
[21:43:07][NATTCore][INFO] Test structure building done
[21:43:07][NATTCore][INFO] Start test executing ...
[21:43:07][TestReportGenerator][INFO] Extenet reports generated. Final report will be saved to file: test_report.html
[21:43:07][NATTCore][INFO] Starts execution on the root keyword  ...
[21:43:07][MessageBuffer][INFO] Message buffer created for module with name: default
[21:43:07][ExternalProgramRunner][INFO] (default) Run external app with command: java -jar app/build/libs/app.jar 9999 10
[21:43:07][ProcessManager][INFO] New PID (26240) added to file
[21:43:07][WaitKw][INFO] Waiting: 3000 ms
[21:43:07][MessageBuffer][INFO] Message added to buffer [ Mod: default | Tag:  ] Content: 'IM server listening on port 9999, maximum nr. of connections=10...'
[21:43:10][MessageBuffer][INFO] Message buffer created for module with name: client-1
[21:43:10][TelnetClient][INFO] (client-1) Telnet client connected to host with the address: 'localhost' on port '9999'
[21:43:10][MessageBuffer][INFO] Message buffer created for module with name: client-2
[21:43:10][TelnetClient][INFO] (client-2) Telnet client connected to host with the address: 'localhost' on port '9999'
[21:43:10][MessageBuffer][INFO] Message buffer created for module with name: client-3
[21:43:10][TelnetClient][INFO] (client-3) Telnet client connected to host with the address: 'localhost' on port '9999'
[21:43:10][WaitKw][INFO] Waiting: 2000 ms
[21:43:12][TelnetClient][INFO] (client-1) Message send: Klient1
[21:43:12][TelnetClient][INFO] (client-2) Message send: Klient2
[21:43:12][TelnetClient][INFO] (client-3) Message send: Klient3
[21:43:12][WaitKw][INFO] Waiting: 800 ms
[21:43:12][MessageBuffer][INFO] Message added to buffer [ Mod: client-1 | Tag:  ] Content: 'Enter your username: Your username has been changed to Klient1'
[21:43:12][MessageBuffer][INFO] Message added to buffer [ Mod: client-3 | Tag:  ] Content: 'Enter your username: Your username has been changed to Klient3'
[21:43:12][MessageBuffer][INFO] Message added to buffer [ Mod: client-2 | Tag:  ] Content: 'Enter your username: Your username has been changed to Klient2'
[21:43:12][MessageBuffer][INFO] Message added to buffer [ Mod: client-3 | Tag:  ] Content: 'Welcome, Klient3!'
[21:43:12][MessageBuffer][INFO] Message added to buffer [ Mod: client-1 | Tag:  ] Content: 'Welcome, Klient1!'
[21:43:12][MessageBuffer][INFO] Message added to buffer [ Mod: client-2 | Tag:  ] Content: 'Welcome, Klient2!'
[21:43:13][TestSuiteKw][INFO] Test case 'Zaklaní test komunikace 1' starts executing now
[21:43:13][TelnetClient][INFO] (client-1) Message send: Hello, world!
[21:43:13][WaitKw][INFO] Waiting: 1000 ms
[21:43:14][AssertEqualsKw][WARNING] Assertion failed. True was expected as the result. Condition: (Value of variable 'Welcome, Klient2!' must contains expected text '[Klient1] >> Hello, world!')
[21:43:14][AssertEqualsKw][WARNING] Assertion failed. True was expected as the result. Condition: (Value of variable 'Welcome, Klient3!' must contains expected text '[Klient1] >> Hello, world!')
[21:43:14][TestSuiteKw][ERROR] Test suite 'Testování běžné komunikace' - Test case 'Zaklaní test komunikace 1' failed
[21:43:14][MessageBuffer][INFO] Message buffer cleared
[21:43:15][TestSuiteKw][INFO] Test case 'Zaklaní test komunikace 2' starts executing now
[21:43:15][TelnetClient][INFO] (client-1) Message send: Testing 123
[21:43:15][TelnetClient][INFO] (client-2) Message send: 12345 - 67890
[21:43:15][TelnetClient][INFO] (client-3) Message send: This is a test message
[21:43:15][WaitKw][INFO] Waiting: 1000 ms
[21:43:16][NATTContext][INFO] Data has been stored in to the variable 'var-1'. Data value: 
[21:43:16][AssertEqualsKw][WARNING] Assertion failed. True was expected as the result. Condition: (Value of variable '' must equals expected text '[Klient2] >> 12345 - 67890')
[21:43:16][NATTContext][INFO] Data has been stored in to the variable 'var-1'. Data value: 
[21:43:16][AssertEqualsKw][WARNING] Assertion failed. True was expected as the result. Condition: (Value of variable '' must contains expected text '[Klient3] >> This is a test message')
[21:43:16][NATTContext][INFO] Data has been stored in to the variable 'var-1'. Data value: 
[21:43:16][AssertEqualsKw][WARNING] Assertion failed. True was expected as the result. Condition: (Value of variable '' must contains expected text '[Klient1] >> Testing 123')
[21:43:16][TestSuiteKw][ERROR] Test suite 'Testování běžné komunikace' - Test case 'Zaklaní test komunikace 2' failed
[21:43:16][MessageBuffer][INFO] Message buffer cleared
[21:43:16][TestSuiteKw][INFO] Test case 'Test odeslání soukromé zprávy' starts executing now
[21:43:16][TelnetClient][INFO] (client-2) Message send: #sendPrivate Klient3 This is a private message
[21:43:16][WaitKw][INFO] Waiting: 1000 ms
[21:43:16][MessageBuffer][INFO] Message added to buffer [ Mod: client-3 | Tag:  ] Content: '[Private from Klient2] >> This is a private message'
[21:43:18][NATTContext][INFO] Data has been stored in to the variable 'var-1'. Data value: 
[21:43:18][NATTContext][INFO] Data has been stored in to the variable 'var-2'. Data value: 
[21:43:18][AssertEqualsKw][WARNING] Assertion failed. True was expected as the result. Condition: (Value of variable '' must contains expected text '[Klient2] >> This is a private message')
[21:43:18][TestSuiteKw][ERROR] Test suite 'Testování běžné komunikace' - Test case 'Test odeslání soukromé zprávy' failed
[21:43:18][MessageBuffer][INFO] Message buffer cleared
[21:43:18][MessageBuffer][INFO] Message buffer cleared
[21:43:18][TestSuiteKw][INFO] Test case 'Test vstoupení do diskuzní místnosti' starts executing now
[21:43:18][TelnetClient][INFO] (client-1) Message send: #join MyGroup1
[21:43:18][TelnetClient][INFO] (client-2) Message send: #join MyGroup1
[21:43:18][WaitKw][INFO] Waiting: 1000 ms
[21:43:18][MessageBuffer][INFO] Message added to buffer [ Mod: client-2 | Tag:  ] Content: 'Joined room: MyGroup1'
[21:43:18][MessageBuffer][INFO] Message added to buffer [ Mod: client-1 | Tag:  ] Content: 'Joined room: MyGroup1'
[21:43:19][TelnetClient][INFO] (client-1) Message send: #groups
[21:43:19][WaitKw][INFO] Waiting: 1000 ms
[21:43:19][MessageBuffer][INFO] Message added to buffer [ Mod: client-1 | Tag:  ] Content: 'You are in rooms: MyGroup1'
[21:43:20][TelnetClient][INFO] (client-1) Message send: #leave public
[21:43:20][TelnetClient][INFO] (client-2) Message send: #leave public
[21:43:20][WaitKw][INFO] Waiting: 1000 ms
[21:43:21][TelnetClient][INFO] (client-1) Message send: #groups
[21:43:21][MessageBuffer][INFO] Message added to buffer [ Mod: client-1 | Tag:  ] Content: 'You are in rooms: MyGroup1'
[21:43:21][WaitKw][INFO] Waiting: 1000 ms
[21:43:22][TestSuiteKw][INFO] Test suite 'Testování diskuzních místností' - Test case 'Test vstoupení do diskuzní místnosti' passed
[21:43:23][MessageBuffer][INFO] Message buffer cleared
[21:43:23][TestSuiteKw][INFO] Test case 'Test komunikace v diskuzní místnosti' starts executing now
[21:43:23][TelnetClient][INFO] (client-1) Message send: This is private message
[21:43:23][WaitKw][INFO] Waiting: 1000 ms
[21:43:24][AssertEqualsKw][WARNING] Assertion failed. True was expected as the result. Condition: (Value of variable 'Joined room: MyGroup1' must contains expected text 'This is private message')
[21:43:24][TelnetClient][INFO] (client-3) Message send: #join MyGroup1
[21:43:24][MessageBuffer][INFO] Message added to buffer [ Mod: client-3 | Tag:  ] Content: 'Joined room: MyGroup1'
[21:43:24][WaitKw][INFO] Waiting: 1000 ms
[21:43:25][TelnetClient][INFO] (client-1) Message send: This is private message
[21:43:25][WaitKw][INFO] Waiting: 1000 ms
[21:43:26][AssertEqualsKw][WARNING] Assertion failed. True was expected as the result. Condition: (Value of variable 'Joined room: MyGroup1' must contains expected text 'This is private message')
[21:43:26][TestSuiteKw][ERROR] Test suite 'Testování diskuzních místností' - Test case 'Test komunikace v diskuzní místnosti' failed
[21:43:26][MessageBuffer][INFO] Message buffer cleared
[21:43:27][MessageBuffer][INFO] Message buffer cleared
[21:43:27][TestSuiteKw][INFO] Test case 'Test změny jména' starts executing now
[21:43:27][TelnetClient][INFO] (client-1) Message send: #setMyName NoveJmeno1
[21:43:27][WaitKw][INFO] Waiting: 1000 ms
[21:43:28][TelnetClient][INFO] (client-1) Message send: This is new message
[21:43:28][WaitKw][INFO] Waiting: 1000 ms
[21:43:29][AssertEqualsKw][WARNING] Assertion failed. True was expected as the result. Condition: (Value of variable 'Joined room: MyGroup1' must contains expected text '[NoveJmeno1] >> This is new message')
[21:43:29][TestSuiteKw][ERROR] Test suite 'Testování příkazu pro změnů jména' - Test case 'Test změny jména' failed
[21:43:29][MessageBuffer][INFO] Message buffer cleared
[21:43:30][TestSuiteKw][INFO] Test case 'Test změny na neunikátní jméno' starts executing now
[21:43:30][TelnetClient][INFO] (client-1) Message send: #setMyName Klient2
[21:43:30][WaitKw][INFO] Waiting: 1000 ms
[21:43:31][TelnetClient][INFO] (client-1) Message send: This is new message
[21:43:31][WaitKw][INFO] Waiting: 1000 ms
[21:43:32][AssertEqualsKw][WARNING] Assertion failed. True was expected as the result. Condition: (Value of variable 'Joined room: MyGroup1' must contains expected text '[NoveJmeno1] >> This is new message')
[21:43:32][TestSuiteKw][ERROR] Test suite 'Testování příkazu pro změnů jména' - Test case 'Test změny na neunikátní jméno' failed
[21:43:32][MessageBuffer][INFO] Message buffer cleared
[21:43:32][MessageBuffer][INFO] Message buffer cleared
[21:43:32][MessageBuffer][INFO] Message buffer cleared
[21:43:32][ExternalProgramRunner][INFO] (default) Termiting external application
[21:43:32][TelnetClient][WARNING] (client-2) Connection closed
[21:43:32][TelnetClient][WARNING] (client-1) Connection closed
[21:43:32][TelnetClient][WARNING] (client-3) Connection closed
[21:43:32][ProcessManager][INFO] PID (26240) removed from file
[21:43:32][TelnetClient][INFO] (client-1) Telnet client [client-1] terminated
[21:43:32][TelnetClient][INFO] (client-2) Telnet client [client-2] terminated
[21:43:32][ProcessManager][INFO] PID (26240) removed from file
[21:43:32][TelnetClient][INFO] (client-3) Telnet client [client-3] terminated
[21:43:32][NATTCore][INFO] Test executing finished
[21:43:32][NATTCore][INFO] Start generating test report
[21:43:32][ExternalProgramRunner][WARNING] (default) External application ends with error: 1
[21:43:32][ExternalProgramRunner][WARNING] (default) Error message from external application: Picked up JAVA_TOOL_OPTIONS: -Dstdout.encoding=UTF-8 -Dstderr.encoding=UTF-8

[21:43:33][TestReportGenerator][INFO] Report saved to file
[21:43:33][NATTCore][WARNING] Failed test cases: "Zaklaní test komunikace 1", "Zaklaní test komunikace 2", "Test odeslání soukromé zprávy", "Test komunikace v diskuzní místnosti", "Test změny jména", "Test změny na neunikátní jméno"
[21:43:33][NATTCore][INFO] Final score: 1,428571
[21:43:33][NATTCore][ERROR] Testing done. Leaving status: FAILED
