[21:16:42][PluginLoader][WARNING] Plugins directory not found.
[21:16:42][NATTCore][INFO] NATT CORE initialization done
Version: 1.7.0 
Configuration path: https://gitlab.com/ap5vs/test-config/im-server-config/-/raw/main/test-config-4.yaml?ref_type=heads
Configuration loading mode: FROM URL
[21:16:42][NATTCore][INFO] Working directory path: C:\Users\ash31\OneDrive\Dokumenty\GitHub\im-server-main
[21:16:42][NATTCore][INFO] Start loading of the configuration file ...
[21:16:43][NetworkIO][INFO] Yaml data has been loaded from network location (https://gitlab.com/ap5vs/test-config/im-server-config/-/raw/main/test-config-4.yaml?ref_type=heads)
[21:16:43][NATTCore][INFO] Configuration loading done
[21:16:43][NATTCore][INFO] Start building test structure according to the configuration ...
[21:16:43][NATTCore][INFO] Test structure ...
[21:16:43][NATTCore][INFO] Test structure building done
[21:16:43][NATTCore][INFO] Start test executing ...
[21:16:43][TestReportGenerator][INFO] Extenet reports generated. Final report will be saved to file: test_report.html
[21:16:43][NATTCore][INFO] Starts execution on the root keyword  ...
[21:16:43][MessageBuffer][INFO] Message buffer created for module with name: default
[21:16:43][ExternalProgramRunner][INFO] (default) Run external app with command: java -jar app/build/libs/app.jar 9999 10
[21:16:43][ProcessManager][INFO] New PID (11140) added to file
[21:16:43][WaitKw][INFO] Waiting: 3000 ms
[21:16:43][MessageBuffer][INFO] Message added to buffer [ Mod: default | Tag:  ] Content: 'IM server listening on port 9999, maximum nr. of connections=10...'
[21:16:46][MessageBuffer][INFO] Message buffer created for module with name: client-1
[21:16:46][TelnetClient][INFO] (client-1) Telnet client connected to host with the address: 'localhost' on port '9999'
[21:16:46][MessageBuffer][INFO] Message buffer created for module with name: client-2
[21:16:46][TelnetClient][INFO] (client-2) Telnet client connected to host with the address: 'localhost' on port '9999'
[21:16:46][MessageBuffer][INFO] Message buffer created for module with name: client-3
[21:16:46][TelnetClient][INFO] (client-3) Telnet client connected to host with the address: 'localhost' on port '9999'
[21:16:46][WaitKw][INFO] Waiting: 2000 ms
[21:16:48][TelnetClient][INFO] (client-1) Message send: Klient1
[21:16:48][TelnetClient][INFO] (client-2) Message send: Klient2
[21:16:48][TelnetClient][INFO] (client-3) Message send: Klient3
[21:16:48][WaitKw][INFO] Waiting: 800 ms
[21:16:49][TestSuiteKw][INFO] Test case 'Zaklaní test komunikace 1' starts executing now
[21:16:49][TelnetClient][INFO] (client-1) Message send: Hello, world!
[21:16:49][WaitKw][INFO] Waiting: 1000 ms
[21:16:50][AssertEqualsKw][WARNING] Assertion failed. Variable 'client-2-last-msg' not found!
[21:16:50][AssertEqualsKw][WARNING] Assertion failed. Variable 'client-3-last-msg' not found!
[21:16:50][TestSuiteKw][ERROR] Test suite 'Testování běžné komunikace' - Test case 'Zaklaní test komunikace 1' failed
[21:16:50][MessageBuffer][INFO] Message buffer cleared
[21:16:50][TestSuiteKw][INFO] Test case 'Zaklaní test komunikace 2' starts executing now
[21:16:50][TelnetClient][INFO] (client-1) Message send: Testing 123
[21:16:50][TelnetClient][INFO] (client-2) Message send: 12345 - 67890
[21:16:50][TelnetClient][INFO] (client-3) Message send: This is a test message
[21:16:50][WaitKw][INFO] Waiting: 1000 ms
[21:16:51][NATTContext][INFO] Data has been stored in to the variable 'var-1'. Data value: 
[21:16:51][AssertEqualsKw][WARNING] Assertion failed. True was expected as the result. Condition: (Value of variable '' must equals expected text '[Klient2] >> 12345 - 67890')
[21:16:51][NATTContext][INFO] Data has been stored in to the variable 'var-1'. Data value: 
[21:16:51][AssertEqualsKw][WARNING] Assertion failed. True was expected as the result. Condition: (Value of variable '' must contains expected text '[Klient3] >> This is a test message')
[21:16:51][NATTContext][INFO] Data has been stored in to the variable 'var-1'. Data value: 
[21:16:51][AssertEqualsKw][WARNING] Assertion failed. True was expected as the result. Condition: (Value of variable '' must contains expected text '[Klient1] >> Testing 123')
[21:16:51][TestSuiteKw][ERROR] Test suite 'Testování běžné komunikace' - Test case 'Zaklaní test komunikace 2' failed
[21:16:52][MessageBuffer][INFO] Message buffer cleared
[21:16:52][TestSuiteKw][INFO] Test case 'Test odeslání soukromé zprávy' starts executing now
[21:16:52][TelnetClient][INFO] (client-2) Message send: #sendPrivate Klient3 This is a private message
[21:16:52][WaitKw][INFO] Waiting: 1000 ms
[21:16:53][NATTContext][INFO] Data has been stored in to the variable 'var-1'. Data value: 
[21:16:53][NATTContext][INFO] Data has been stored in to the variable 'var-2'. Data value: 
[21:16:53][AssertEqualsKw][WARNING] Assertion failed. True was expected as the result. Condition: (Value of variable '' must contains expected text '[Klient2] >> This is a private message')
[21:16:53][TestSuiteKw][ERROR] Test suite 'Testování běžné komunikace' - Test case 'Test odeslání soukromé zprávy' failed
[21:16:53][MessageBuffer][INFO] Message buffer cleared
[21:16:54][MessageBuffer][INFO] Message buffer cleared
[21:16:54][TestSuiteKw][INFO] Test case 'Test vstoupení do diskuzní místnosti' starts executing now
[21:16:54][TelnetClient][INFO] (client-1) Message send: #join MyGroup1
[21:16:54][TelnetClient][INFO] (client-2) Message send: #join MyGroup1
[21:16:54][WaitKw][INFO] Waiting: 1000 ms
[21:16:55][TelnetClient][INFO] (client-1) Message send: #groups
[21:16:55][WaitKw][INFO] Waiting: 1000 ms
[21:16:56][AssertEqualsKw][WARNING] Assertion failed. Variable 'client-1-last-msg' not found!
[21:16:56][TelnetClient][INFO] (client-1) Message send: #leave public
[21:16:56][TelnetClient][INFO] (client-2) Message send: #leave public
[21:16:56][WaitKw][INFO] Waiting: 1000 ms
[21:16:57][TelnetClient][INFO] (client-1) Message send: #groups
[21:16:57][WaitKw][INFO] Waiting: 1000 ms
[21:16:58][AssertEqualsKw][WARNING] Assertion failed. Variable 'client-1-last-msg' not found!
[21:16:58][TestSuiteKw][ERROR] Test suite 'Testování diskuzních místností' - Test case 'Test vstoupení do diskuzní místnosti' failed
[21:16:58][MessageBuffer][INFO] Message buffer cleared
[21:16:59][TestSuiteKw][INFO] Test case 'Test komunikace v diskuzní místnosti' starts executing now
[21:16:59][TelnetClient][INFO] (client-1) Message send: This is private message
[21:16:59][WaitKw][INFO] Waiting: 1000 ms
[21:17:00][AssertEqualsKw][WARNING] Assertion failed. Variable 'client-2-last-msg' not found!
[21:17:00][AssertEqualsKw][WARNING] Assertion failed. Variable 'client-3-last-msg' not found!
[21:17:00][TelnetClient][INFO] (client-3) Message send: #join MyGroup1
[21:17:00][WaitKw][INFO] Waiting: 1000 ms
[21:17:01][TelnetClient][INFO] (client-1) Message send: This is private message
[21:17:01][WaitKw][INFO] Waiting: 1000 ms
[21:17:02][AssertEqualsKw][WARNING] Assertion failed. Variable 'client-3-last-msg' not found!
[21:17:02][TestSuiteKw][ERROR] Test suite 'Testování diskuzních místností' - Test case 'Test komunikace v diskuzní místnosti' failed
[21:17:02][MessageBuffer][INFO] Message buffer cleared
[21:17:02][MessageBuffer][INFO] Message buffer cleared
[21:17:02][TestSuiteKw][INFO] Test case 'Test změny jména' starts executing now
[21:17:02][TelnetClient][INFO] (client-1) Message send: #setMyName NoveJmeno1
[21:17:02][WaitKw][INFO] Waiting: 1000 ms
[21:17:03][TelnetClient][INFO] (client-1) Message send: This is new message
[21:17:03][WaitKw][INFO] Waiting: 1000 ms
[21:17:04][AssertEqualsKw][WARNING] Assertion failed. Variable 'client-2-last-msg' not found!
[21:17:04][TestSuiteKw][ERROR] Test suite 'Testování příkazu pro změnů jména' - Test case 'Test změny jména' failed
[21:17:05][MessageBuffer][INFO] Message buffer cleared
[21:17:05][TestSuiteKw][INFO] Test case 'Test změny na neunikátní jméno' starts executing now
[21:17:05][TelnetClient][INFO] (client-1) Message send: #setMyName Klient2
[21:17:05][WaitKw][INFO] Waiting: 1000 ms
[21:17:06][TelnetClient][INFO] (client-1) Message send: This is new message
[21:17:06][WaitKw][INFO] Waiting: 1000 ms
[21:17:07][AssertEqualsKw][WARNING] Assertion failed. Variable 'client-2-last-msg' not found!
[21:17:07][TestSuiteKw][ERROR] Test suite 'Testování příkazu pro změnů jména' - Test case 'Test změny na neunikátní jméno' failed
[21:17:07][MessageBuffer][INFO] Message buffer cleared
[21:17:08][MessageBuffer][INFO] Message buffer cleared
[21:17:08][MessageBuffer][INFO] Message buffer cleared
[21:17:08][ExternalProgramRunner][INFO] (default) Termiting external application
[21:17:08][TelnetClient][WARNING] (client-1) Connection closed
[21:17:08][TelnetClient][WARNING] (client-2) Connection closed
[21:17:08][TelnetClient][WARNING] (client-3) Connection closed
[21:17:08][ProcessManager][INFO] PID (11140) removed from file
[21:17:08][TelnetClient][INFO] (client-1) Telnet client [client-1] terminated
[21:17:08][ProcessManager][INFO] PID (11140) removed from file
[21:17:08][TelnetClient][INFO] (client-2) Telnet client [client-2] terminated
[21:17:08][TelnetClient][INFO] (client-3) Telnet client [client-3] terminated
[21:17:08][NATTCore][INFO] Test executing finished
[21:17:08][NATTCore][INFO] Start generating test report
[21:17:08][ExternalProgramRunner][WARNING] (default) External application ends with error: 1
[21:17:08][ExternalProgramRunner][WARNING] (default) Error message from external application: Picked up JAVA_TOOL_OPTIONS: -Dstdout.encoding=UTF-8 -Dstderr.encoding=UTF-8
Exception in thread "pool-1-thread-1" java.lang.NullPointerException
	at java.base/java.util.concurrent.ConcurrentHashMap.remove(ConcurrentHashMap.java:1551)
	at utb.fai.ActiveHandlers.remove(ActiveHandlers.java:46)
	at utb.fai.SocketHandler$InputHandler.run(SocketHandler.java:98)
	at java.base/java.util.concurrent.ThreadPoolExecutor.runWorker(ThreadPoolExecutor.java:1144)
	at java.base/java.util.concurrent.ThreadPoolExecutor$Worker.run(ThreadPoolExecutor.java:642)
	at java.base/java.lang.Thread.run(Thread.java:1583)
Exception in thread "pool-1-thread-3" java.lang.NullPointerException
	at java.base/java.util.concurrent.ConcurrentHashMap.remove(ConcurrentHashMap.java:1551)
	at utb.fai.ActiveHandlers.remove(ActiveHandlers.java:46)
	at utb.fai.SocketHandler$InputHandler.run(SocketHandler.java:98)
	at java.base/java.util.concurrent.ThreadPoolExecutor.runWorker(ThreadPoolExecutor.java:1144)
	at java.base/java.util.concurrent.ThreadPoolExecutor$Worker.run(ThreadPoolExecutor.java:642)
	at java.base/java.lang.Thread.run(Thread.java:1583)
Exception in thread "pool-1-thread-5" java.lang.NullPointerException
	at java.base/java.util.concurrent.ConcurrentHashMap.remove(ConcurrentHashMap.java:1551)
	at utb.fai.ActiveHandlers.remove(ActiveHandlers.java:46)
	at utb.fai.SocketHandler$InputHandler.run(SocketHandler.java:98)
	at java.base/java.util.concurrent.ThreadPoolExecutor.runWorker(ThreadPoolExecutor.java:1144)
	at java.base/java.util.concurrent.ThreadPoolExecutor$Worker.run(ThreadPoolExecutor.java:642)
	at java.base/java.lang.Thread.run(Thread.java:1583)

[21:17:08][TestReportGenerator][INFO] Report saved to file
[21:17:08][NATTCore][WARNING] Failed test cases: "Zaklaní test komunikace 1", "Zaklaní test komunikace 2", "Test odeslání soukromé zprávy", "Test vstoupení do diskuzní místnosti", "Test komunikace v diskuzní místnosti", "Test změny jména", "Test změny na neunikátní jméno"
[21:17:08][NATTCore][INFO] Final score: 0,000000
[21:17:08][NATTCore][ERROR] Testing done. Leaving status: FAILED
